
> mobile@1.0.0 typecheck
> tsc --noEmit

app/(screens)/(shared)/navigation-debug.tsx(50,69): error TS2345: Argument of type 'string | undefined' is not assignable to parameter of type 'string'.
  Type 'undefined' is not assignable to type 'string'.
app/(screens)/(shared)/orientation.tsx(27,9): error TS7034: Variable 'orientations' implicitly has type 'any[]' in some locations where its type cannot be determined.
app/(screens)/(shared)/orientation.tsx(209,10): error TS7005: Variable 'orientations' implicitly has an 'any[]' type.
app/(screens)/(shared)/orientation.tsx(212,14): error TS7005: Variable 'orientations' implicitly has an 'any[]' type.
docs/types/index.ts(18,15): error TS2307: Cannot find module './user.types' or its corresponding type declarations.
docs/types/index.ts(25,8): error TS2307: Cannot find module './user.types' or its corresponding type declarations.
docs/types/index.ts(139,16): error TS2304: Cannot find name 'UserService'.
docs/types/index.ts(140,23): error TS2304: Cannot find name 'ApplicationService'.
docs/types/index.ts(141,19): error TS2304: Cannot find name 'PaymentService'.
docs/types/index.ts(142,22): error TS2304: Cannot find name 'HealthCardService'.
docs/types/index.ts(143,24): error TS2304: Cannot find name 'NotificationService'.
docs/types/index.ts(144,23): error TS2304: Cannot find name 'OrientationService'.
docs/types/index.ts(213,3): error TS2687: All declarations of 'code' must have identical modifiers.
docs/types/index.ts(215,3): error TS2687: All declarations of 'details' must have identical modifiers.
docs/types/index.ts(231,19): error TS2687: All declarations of 'code' must have identical modifiers.
docs/types/index.ts(232,19): error TS2687: All declarations of 'details' must have identical modifiers.
scripts/convex-naming-codemod.ts(124,13): error TS18048: 'declaration' is possibly 'undefined'.
scripts/convex-naming-codemod.ts(125,11): error TS18048: 'declaration' is possibly 'undefined'.
src/app/providers/ClerkAndConvexProvider.tsx(62,65): error TS2345: Argument of type '{ _id: Id<"users">; _creationTime: number; gender?: string | undefined; birthDate?: string | undefined; phoneNumber?: string | undefined; role?: "applicant" | "inspector" | "admin" | undefined; ... 6 more ...; clerkId: string; }' is not assignable to parameter of type 'string'.
src/features/application/services/index.ts(2,15): error TS2307: Cannot find module './applicationService' or its corresponding type declarations.
src/features/application/services/index.ts(3,47): error TS2307: Cannot find module './applicationService' or its corresponding type declarations.
src/features/auth/components/VerificationPage/index.ts(4,3): error TS2305: Module '"./VerificationPage.types"' has no exported member 'VerificationState'.
src/features/auth/components/VerificationPage/index.ts(5,3): error TS2305: Module '"./VerificationPage.types"' has no exported member 'SuccessScreenProps'.
src/features/auth/components/VerificationPage/VerificationPage.tsx(49,13): error TS7030: Not all code paths return a value.
src/features/auth/components/VerificationPage/VerificationPage.tsx(60,13): error TS7030: Not all code paths return a value.
src/features/dashboard/components/ActivityItem/ActivityItem.tsx(1,10): error TS2305: Module '"@shared/types"' has no exported member 'RecentActivity'.
src/features/dashboard/components/ApplicationStatus/ApplicationStatus.tsx(5,75): error TS2307: Cannot find module '@shared/utils/job-category-utils' or its corresponding type declarations.
src/features/dashboard/components/ApplicationStatus/ApplicationStatus.tsx(26,7): error TS2322: Type 'string | null | undefined' is not assignable to type 'string | null'.
  Type 'undefined' is not assignable to type 'string | null'.
src/features/dashboard/components/ApplicationStatus/ApplicationStatus.tsx(31,77): error TS2339: Property 'name' does not exist on type 'Id<"jobCategories">'.
src/features/dashboard/components/ApplicationStatus/ApplicationStatus.tsx(32,75): error TS2339: Property 'name' does not exist on type 'Id<"jobCategories">'.
src/features/dashboard/components/ApplicationStatus/ApplicationStatus.tsx(33,70): error TS2339: Property 'name' does not exist on type 'Id<"jobCategories">'.
src/features/dashboard/components/DashboardHeader/DashboardHeader.tsx(33,59): error TS2339: Property 'profilePicture' does not exist on type 'User'.
src/features/dashboard/components/DashboardHeader/DashboardHeader.tsx(42,39): error TS2554: Expected 1 arguments, but got 2.
src/features/dashboard/components/PriorityAlerts/PriorityAlerts.tsx(15,58): error TS2339: Property 'name' does not exist on type 'Id<"jobCategories">'.
src/features/dashboard/components/PriorityAlerts/PriorityAlerts.tsx(16,81): error TS2339: Property 'requireOrientation' does not exist on type 'Id<"jobCategories">'.
src/features/dashboard/components/PriorityAlerts/PriorityAlerts.tsx(17,82): error TS2339: Property 'orientationCompleted' does not exist on type 'Application'.
src/features/dashboard/components/QuickActionsGrid/QuickActionsGrid.tsx(14,58): error TS2339: Property 'name' does not exist on type 'Id<"jobCategories">'.
src/features/dashboard/components/QuickActionsGrid/QuickActionsGrid.tsx(15,66): error TS2339: Property 'orientationCompleted' does not exist on type 'Application'.
src/features/dashboard/components/StatCard/StatCard.tsx(8,8): error TS2307: Cannot find module '@/src/styles' or its corresponding type declarations.
src/features/dashboard/components/StatsOverview/StatsOverview.tsx(16,58): error TS2339: Property 'name' does not exist on type 'Id<"jobCategories">'.
src/features/dashboard/components/StatsOverview/StatsOverview.tsx(20,29): error TS2339: Property 'orientationCompleted' does not exist on type 'Application'.
src/features/dashboard/components/StatsOverview/StatsOverview.tsx(26,29): error TS2339: Property 'orientationCompleted' does not exist on type 'Application'.
src/features/dashboard/components/StatsOverview/StatsOverview.tsx(32,29): error TS2339: Property 'orientationCompleted' does not exist on type 'Application'.
src/features/dashboard/hooks/useDashboardData.ts(13,48): error TS2769: No overload matches this call.
  Overload 1 of 2, '(predicate: (value: { _id: Id<"applications">; _creationTime: number; status: string; applicationType: "New" | "Renew"; position: string; organization: string; jobCategory: { _id: Id<"jobCategories">; name: string; colorCode: string; requireOrientation: string | ... 1 more ... | undefined; } | undefined; documentCount: number; hasPayment: boolean; }, index: number, obj: { ...; }[]) => value is { ...; }, thisArg?: any): { ...; } | undefined', gave the following error.
    Argument of type '(app: Application) => boolean' is not assignable to parameter of type '(value: { _id: Id<"applications">; _creationTime: number; status: string; applicationType: "New" | "Renew"; position: string; organization: string; jobCategory: { _id: Id<"jobCategories">; name: string; colorCode: string; requireOrientation: string | ... 1 more ... | undefined; } | undefined; documentCount: number; ...'.
      Types of parameters 'app' and 'value' are incompatible.
        Type '{ _id: Id<"applications">; _creationTime: number; status: string; applicationType: "New" | "Renew"; position: string; organization: string; jobCategory: { _id: Id<"jobCategories">; name: string; colorCode: string; requireOrientation: string | ... 1 more ... | undefined; } | undefined; documentCount: number; hasPayme...' is missing the following properties from type 'Application': userId, civilStatus
  Overload 2 of 2, '(predicate: (value: { _id: Id<"applications">; _creationTime: number; status: string; applicationType: "New" | "Renew"; position: string; organization: string; jobCategory: { _id: Id<"jobCategories">; name: string; colorCode: string; requireOrientation: string | ... 1 more ... | undefined; } | undefined; documentCount: number; hasPayment: boolean; }, index: number, obj: { ...; }[]) => unknown, thisArg?: any): { ...; } | undefined', gave the following error.
    Argument of type '(app: Application) => boolean' is not assignable to parameter of type '(value: { _id: Id<"applications">; _creationTime: number; status: string; applicationType: "New" | "Renew"; position: string; organization: string; jobCategory: { _id: Id<"jobCategories">; name: string; colorCode: string; requireOrientation: string | ... 1 more ... | undefined; } | undefined; documentCount: number; ...'.
      Types of parameters 'app' and 'value' are incompatible.
        Type '{ _id: Id<"applications">; _creationTime: number; status: string; applicationType: "New" | "Renew"; position: string; organization: string; jobCategory: { _id: Id<"jobCategories">; name: string; colorCode: string; requireOrientation: string | ... 1 more ... | undefined; } | undefined; documentCount: number; hasPayme...' is missing the following properties from type 'Application': userId, civilStatus
src/features/dashboard/services/dashboardService.ts(20,44): error TS2554: Expected 2 arguments, but got 1.
src/features/dashboard/services/dashboardService.ts(71,9): error TS2322: Type '"notification"' is not assignable to type 'ActivityType'.
src/features/dashboard/services/dashboardService.ts(74,9): error TS2322: Type 'string' is not assignable to type 'Date'.
src/features/dashboard/services/dashboardService.ts(87,9): error TS2322: Type '"application"' is not assignable to type 'ActivityType'.
src/features/dashboard/services/dashboardService.ts(90,9): error TS2322: Type 'string' is not assignable to type 'Date'.
src/features/dashboard/services/dashboardService.ts(104,11): error TS2322: Type '"payment"' is not assignable to type 'ActivityType'.
src/features/dashboard/services/dashboardService.ts(107,11): error TS2322: Type 'string' is not assignable to type 'Date'.
src/features/dashboard/services/dashboardService.ts(174,11): error TS2322: Type '"application"' is not assignable to type 'ActivityType'.
src/features/dashboard/services/dashboardService.ts(177,11): error TS2322: Type 'string' is not assignable to type 'Date'.
src/features/dashboard/services/dashboardService.ts(182,11): error TS2322: Type '"payment"' is not assignable to type 'ActivityType'.
src/features/dashboard/services/dashboardService.ts(185,11): error TS2322: Type 'string' is not assignable to type 'Date'.
src/features/healthCards/HealthCardExample.tsx(94,70): error TS2339: Property 'status' does not exist on type 'never'.
src/features/healthCards/HealthCardExample.tsx(95,70): error TS2339: Property 'status' does not exist on type 'never'.
src/features/healthCards/HealthCardExample.tsx(96,21): error TS2339: Property 'status' does not exist on type 'never'.
src/features/healthCards/HealthCardExample.tsx(105,50): error TS2339: Property '_id' does not exist on type 'never'.
src/features/healthCards/HealthCardExample.tsx(111,21): error TS2339: Property 'holderName' does not exist on type 'never'.
src/features/healthCards/HealthCardExample.tsx(111,40): error TS2339: Property 'formData' does not exist on type 'never'.
src/features/healthCards/HealthCardExample.tsx(118,21): error TS2339: Property 'issueDate' does not exist on type 'never'.
src/features/healthCards/HealthCardExample.tsx(118,47): error TS2339: Property 'issueDate' does not exist on type 'never'.
src/features/healthCards/HealthCardExample.tsx(125,21): error TS2339: Property 'expiryDate' does not exist on type 'never'.
src/features/healthCards/HealthCardExample.tsx(125,48): error TS2339: Property 'expiryDate' does not exist on type 'never'.
src/features/healthCards/HealthCardExample.tsx(129,17): error TS2339: Property 'verificationToken' does not exist on type 'never'.
src/features/healthCards/HealthCardExample.tsx(133,23): error TS2339: Property 'verificationToken' does not exist on type 'never'.
src/features/healthCards/HealthCardExample.tsx(138,17): error TS2339: Property 'metadata' does not exist on type 'never'.
src/features/healthCards/HealthCardExample.tsx(138,46): error TS2339: Property 'metadata' does not exist on type 'never'.
src/features/healthCards/HealthCardExample.tsx(141,36): error TS2339: Property 'metadata' does not exist on type 'never'.
src/features/healthCards/HealthCardExample.tsx(154,33): error TS2339: Property '_updatedTime' does not exist on type 'never'.
src/features/healthCards/HealthCardExample.tsx(154,62): error TS2339: Property '_updatedTime' does not exist on type 'never'.
src/features/healthCards/HealthCardExample.tsx(237,22): error TS2345: Argument of type '"headingMedium"' is not assignable to parameter of type '"h1" | "h2" | "h3" | "h4" | "body" | "bodySmall" | "caption" | "button"'.
src/features/healthCards/HealthCardExample.tsx(246,22): error TS2345: Argument of type '"labelSmall"' is not assignable to parameter of type '"h1" | "h2" | "h3" | "h4" | "body" | "bodySmall" | "caption" | "button"'.
src/features/healthCards/HealthCardExample.tsx(261,22): error TS2345: Argument of type '"bodyMedium"' is not assignable to parameter of type '"h1" | "h2" | "h3" | "h4" | "body" | "bodySmall" | "caption" | "button"'.
src/features/healthCards/HealthCardExample.tsx(267,22): error TS2345: Argument of type '"bodyMedium"' is not assignable to parameter of type '"h1" | "h2" | "h3" | "h4" | "body" | "bodySmall" | "caption" | "button"'.
src/features/healthCards/HealthCardExample.tsx(283,22): error TS2345: Argument of type '"headingSmall"' is not assignable to parameter of type '"h1" | "h2" | "h3" | "h4" | "body" | "bodySmall" | "caption" | "button"'.
src/features/healthCards/index.ts(1,38): error TS2307: Cannot find module './useHealthCard' or its corresponding type declarations.
src/features/payment/hooks/index.ts(1,15): error TS2307: Cannot find module './usePaymentFlow' or its corresponding type declarations.
src/features/scanner/components/QRCodeScanner/QRCodeScanner.tsx(15,30): error TS2307: Cannot find module '@features/scanner/components/ui/Button' or its corresponding type declarations.
src/features/scanner/index.ts(3,15): error TS2307: Cannot find module './screens' or its corresponding type declarations.
src/features/scanner/index.ts(4,15): error TS2307: Cannot find module './hooks' or its corresponding type declarations.
src/features/scanner/index.ts(5,15): error TS2307: Cannot find module './services' or its corresponding type declarations.
src/features/scanner/index.ts(6,15): error TS2307: Cannot find module './types' or its corresponding type declarations.
src/features/scanner/index.ts(7,15): error TS2307: Cannot find module './constants' or its corresponding type declarations.
src/features/upload/components/DragDropUpload/DragDropUpload.tsx(13,30): error TS2307: Cannot find module '@features/upload/components/ui/Button' or its corresponding type declarations.
src/index.ts(13,15): error TS2307: Cannot find module './config' or its corresponding type declarations.
src/index.ts(16,15): error TS2307: Cannot find module './contexts' or its corresponding type declarations.
src/index.ts(19,15): error TS2307: Cannot find module './hooks' or its corresponding type declarations.
src/index.ts(25,15): error TS2307: Cannot find module './utils' or its corresponding type declarations.
src/index.ts(28,1): error TS2308: Module './types' has already exported a member named 'ApiResponse'. Consider explicitly re-exporting to resolve the ambiguity.
src/index.ts(28,1): error TS2308: Module './types' has already exported a member named 'LayoutProps'. Consider explicitly re-exporting to resolve the ambiguity.
src/index.ts(31,15): error TS2307: Cannot find module './styles' or its corresponding type declarations.
src/index.ts(34,15): error TS2307: Cannot find module './layouts' or its corresponding type declarations.
src/processes/abandonedPaymentFlow/model/index.ts(7,15): error TS2724: '"./hooks"' has no exported member named 'UseAbandonedPaymentOptions'. Did you mean 'useAbandonedPayment'?
src/screens/application/ApplicationDetailScreen/ApplicationDetailScreen.types.ts(6,50): error TS2344: Type '"ApplicationDetail"' does not satisfy the constraint 'keyof RootStackParamList'.
src/screens/application/ApplicationDetailScreen/ApplicationDetailScreen.types.ts(7,40): error TS2344: Type '"ApplicationDetail"' does not satisfy the constraint 'keyof RootStackParamList'.
src/screens/application/ApplicationListScreen/ApplicationListScreen.tsx(17,28): error TS2307: Cannot find module '../../shared/components' or its corresponding type declarations.
src/screens/application/ApplicationListScreen/ApplicationListScreen.types.ts(5,50): error TS2344: Type '"ApplicationList"' does not satisfy the constraint 'keyof RootStackParamList'.
src/screens/application/ApplicationListScreen/ApplicationListScreen.types.ts(6,40): error TS2344: Type '"ApplicationList"' does not satisfy the constraint 'keyof RootStackParamList'.
src/screens/application/ApplyScreen/ApplyScreen.tsx(16,45): error TS2307: Cannot find module '../../shared/components/feedback' or its corresponding type declarations.
src/screens/application/ApplyScreen/ApplyScreen.tsx(20,39): error TS2307: Cannot find module '@/src/shared/utils/application/requirementsMapper' or its corresponding type declarations.
src/screens/application/ApplyScreen/ApplyScreen.tsx(163,13): error TS2322: Type '{ formData: ApplicationFormData; setFormData: Dispatch<SetStateAction<ApplicationFormData>>; errors: Record<string, string>; }' is not assignable to type 'IntrinsicAttributes & ApplicationTypeStepProps'.
  Property 'formData' does not exist on type 'IntrinsicAttributes & ApplicationTypeStepProps'.
src/screens/application/ApplyScreen/ApplyScreen.tsx(171,13): error TS2322: Type '{ formData: ApplicationFormData; setFormData: Dispatch<SetStateAction<ApplicationFormData>>; errors: Record<string, string>; jobCategoriesData: JobCategory[]; }' is not assignable to type 'IntrinsicAttributes & JobCategoryStepProps'.
  Property 'formData' does not exist on type 'IntrinsicAttributes & JobCategoryStepProps'.
src/screens/application/ApplyScreen/ApplyScreen.tsx(180,13): error TS2322: Type '{ formData: ApplicationFormData; setFormData: Dispatch<SetStateAction<ApplicationFormData>>; errors: Record<string, string>; jobCategoriesData: JobCategory[]; }' is not assignable to type 'IntrinsicAttributes & PersonalDetailsStepProps'.
  Property 'formData' does not exist on type 'IntrinsicAttributes & PersonalDetailsStepProps'.
src/screens/application/ApplyScreen/ApplyScreen.tsx(189,13): error TS2322: Type '{ formData: ApplicationFormData; requirementsByJobCategory: DocumentRequirement[]; selectedDocuments: SelectedDocuments; ... 4 more ...; requirements: { ...; }; }' is not assignable to type 'IntrinsicAttributes & UploadDocumentsStepProps'.
  Property 'formData' does not exist on type 'IntrinsicAttributes & UploadDocumentsStepProps'.
src/screens/application/ApplyScreen/ApplyScreen.types.ts(7,50): error TS2344: Type '"Apply"' does not satisfy the constraint 'keyof RootStackParamList'.
src/screens/application/ApplyScreen/ApplyScreen.types.ts(8,40): error TS2344: Type '"Apply"' does not satisfy the constraint 'keyof RootStackParamList'.
src/screens/auth/SignInScreen/SignInScreen.tsx(10,32): error TS2307: Cannot find module '@/assets/svgs/google-ctn-logo.svg' or its corresponding type declarations.
src/screens/auth/SignInScreen/SignInScreen.types.ts(10,50): error TS2344: Type '"SignIn"' does not satisfy the constraint 'keyof RootStackParamList'.
src/screens/auth/SignInScreen/SignInScreen.types.ts(11,40): error TS2344: Type '"SignIn"' does not satisfy the constraint 'keyof RootStackParamList'.
src/screens/auth/SignUpScreen/SignUpScreen.styles.ts(13,27): error TS2345: Argument of type 'string' is not assignable to parameter of type 'number'.
src/screens/auth/SignUpScreen/SignUpScreen.styles.ts(14,23): error TS2345: Argument of type 'string' is not assignable to parameter of type 'number'.
src/screens/auth/SignUpScreen/SignUpScreen.styles.ts(15,20): error TS2345: Argument of type 'string' is not assignable to parameter of type 'number'.
src/screens/auth/SignUpScreen/SignUpScreen.styles.ts(21,24): error TS2345: Argument of type 'string' is not assignable to parameter of type 'number'.
src/screens/auth/SignUpScreen/SignUpScreen.styles.ts(54,15): error TS2345: Argument of type 'string' is not assignable to parameter of type 'number'.
src/screens/auth/SignUpScreen/SignUpScreen.styles.ts(118,16): error TS2345: Argument of type 'string' is not assignable to parameter of type 'number'.
src/screens/auth/SignUpScreen/SignUpScreen.styles.ts(121,22): error TS2345: Argument of type 'string' is not assignable to parameter of type 'number'.
src/screens/auth/SignUpScreen/SignUpScreen.styles.ts(135,15): error TS2345: Argument of type 'string' is not assignable to parameter of type 'number'.
src/screens/auth/SignUpScreen/SignUpScreen.styles.ts(136,16): error TS2345: Argument of type 'string' is not assignable to parameter of type 'number'.
src/screens/auth/SignUpScreen/SignUpScreen.tsx(7,32): error TS2307: Cannot find module '@/assets/svgs/google-ctn-logo.svg' or its corresponding type declarations.
src/screens/auth/VerificationScreen/VerificationScreen.styles.ts(13,27): error TS2345: Argument of type 'string' is not assignable to parameter of type 'number'.
src/screens/auth/VerificationScreen/VerificationScreen.styles.ts(14,23): error TS2345: Argument of type 'string' is not assignable to parameter of type 'number'.
src/screens/auth/VerificationScreen/VerificationScreen.styles.ts(27,22): error TS2345: Argument of type 'string' is not assignable to parameter of type 'number'.
src/screens/auth/VerificationScreen/VerificationScreen.styles.ts(48,27): error TS2345: Argument of type 'string' is not assignable to parameter of type 'number'.
src/screens/auth/VerificationScreen/VerificationScreen.styles.ts(55,22): error TS2345: Argument of type 'string' is not assignable to parameter of type 'number'.
src/screens/auth/VerificationScreen/VerificationScreen.styles.ts(60,15): error TS2345: Argument of type 'string' is not assignable to parameter of type 'number'.
src/screens/auth/VerificationScreen/VerificationScreen.styles.ts(71,15): error TS2345: Argument of type 'string' is not assignable to parameter of type 'number'.
src/screens/auth/VerificationScreen/VerificationScreen.styles.ts(72,16): error TS2345: Argument of type 'string' is not assignable to parameter of type 'number'.
src/screens/auth/VerificationScreen/VerificationScreen.styles.ts(95,19): error TS2345: Argument of type 'string' is not assignable to parameter of type 'number'.
src/screens/auth/VerificationScreen/VerificationScreen.styles.ts(109,16): error TS2345: Argument of type 'string' is not assignable to parameter of type 'number'.
src/screens/auth/VerificationScreen/VerificationScreen.styles.ts(112,22): error TS2345: Argument of type 'string' is not assignable to parameter of type 'number'.
src/screens/auth/VerificationScreen/VerificationScreen.styles.ts(152,15): error TS2345: Argument of type 'string' is not assignable to parameter of type 'number'.
src/screens/auth/VerificationScreen/VerificationScreen.styles.ts(174,27): error TS2345: Argument of type 'string' is not assignable to parameter of type 'number'.
src/screens/auth/VerificationScreen/VerificationScreen.styles.ts(182,15): error TS2345: Argument of type 'string' is not assignable to parameter of type 'number'.
src/screens/auth/VerificationScreen/VerificationScreen.styles.ts(185,22): error TS2345: Argument of type 'string' is not assignable to parameter of type 'number'.
src/screens/auth/VerificationScreen/VerificationScreen.styles.ts(198,22): error TS2345: Argument of type 'string' is not assignable to parameter of type 'number'.
src/screens/auth/VerificationScreen/VerificationScreen.styles.ts(213,19): error TS2345: Argument of type 'string' is not assignable to parameter of type 'number'.
src/screens/dashboard/DashboardScreen.tsx(30,11): error TS2322: Type '{ currentApplication: { _id: Id<"applications">; _creationTime: number; status: string; applicationType: "New" | "Renew"; position: string; organization: string; jobCategory: { _id: Id<...>; name: string; colorCode: string; requireOrientation: string | ... 1 more ... | undefined; } | undefined; documentCount: number...' is not assignable to type '{ user: any; userProfile: any; userApplications: any; dashboardStats: any; recentActivities: any; currentTime: Date; unreadNotificationsCount: number; isLoading: boolean; refreshing: boolean; currentApplication: any; isNewUser: boolean; }'.
  Types of property 'isLoading' are incompatible.
    Type 'boolean | null | undefined' is not assignable to type 'boolean'.
      Type 'undefined' is not assignable to type 'boolean'.
src/screens/notification/NotificationScreen.tsx(139,44): error TS2339: Property 'read' does not exist on type '{ _id: Id<"notifications">; _creationTime: number; title?: string | undefined; applicationId?: Id<"applications"> | undefined; actionUrl?: string | undefined; userId: Id<"users">; message: string; notificationType: string; isRead: boolean; }'.
src/screens/notification/NotificationScreen.tsx(143,13): error TS2339: Property 'type' does not exist on type '{ _id: Id<"notifications">; _creationTime: number; title?: string | undefined; applicationId?: Id<"applications"> | undefined; actionUrl?: string | undefined; userId: Id<"users">; message: string; notificationType: string; isRead: boolean; }'.
src/screens/notification/NotificationScreen.tsx(143,40): error TS2339: Property 'type' does not exist on type '{ _id: Id<"notifications">; _creationTime: number; title?: string | undefined; applicationId?: Id<"applications"> | undefined; actionUrl?: string | undefined; userId: Id<"users">; message: string; notificationType: string; isRead: boolean; }'.
src/screens/notification/NotificationScreen.tsx(147,43): error TS2339: Property 'type' does not exist on type '{ _id: Id<"notifications">; _creationTime: number; title?: string | undefined; applicationId?: Id<"applications"> | undefined; actionUrl?: string | undefined; userId: Id<"users">; message: string; notificationType: string; isRead: boolean; }'.
src/screens/notification/NotificationScreen.tsx(150,43): error TS2339: Property 'type' does not exist on type '{ _id: Id<"notifications">; _creationTime: number; title?: string | undefined; applicationId?: Id<"applications"> | undefined; actionUrl?: string | undefined; userId: Id<"users">; message: string; notificationType: string; isRead: boolean; }'.
src/screens/notification/NotificationScreen.tsx(169,26): error TS2345: Argument of type '{ _id: Id<"notifications">; _creationTime: number; title?: string | undefined; applicationId?: Id<"applications"> | undefined; actionUrl?: string | undefined; userId: Id<"users">; message: string; notificationType: string; isRead: boolean; }' is not assignable to parameter of type 'NotificationItem'.
  Type '{ _id: Id<"notifications">; _creationTime: number; title?: string | undefined; applicationId?: Id<"applications"> | undefined; actionUrl?: string | undefined; userId: Id<"users">; message: string; notificationType: string; isRead: boolean; }' is missing the following properties from type 'Notification': type, read
src/screens/notification/NotificationScreen.tsx(214,59): error TS2339: Property 'read' does not exist on type '{ _id: Id<"notifications">; _creationTime: number; title?: string | undefined; applicationId?: Id<"applications"> | undefined; actionUrl?: string | undefined; userId: Id<"users">; message: string; notificationType: string; isRead: boolean; }'.
src/screens/notification/NotificationScreen.tsx(241,51): error TS2339: Property 'read' does not exist on type '{ _id: Id<"notifications">; _creationTime: number; title?: string | undefined; applicationId?: Id<"applications"> | undefined; actionUrl?: string | undefined; userId: Id<"users">; message: string; notificationType: string; isRead: boolean; }'.
src/screens/notification/NotificationScreen.tsx(268,22): error TS7053: Element implicitly has an 'any' type because expression of type 'NotificationType' can't be used to index type '{ MissingDoc: string; PaymentReceived: string; FormApproved: string; OrientationScheduled: string; CardIssue: string; }'.
  Property 'ApplicationSubmitted' does not exist on type '{ MissingDoc: string; PaymentReceived: string; FormApproved: string; OrientationScheduled: string; CardIssue: string; }'.
src/screens/notification/NotificationScreen.tsx(269,19): error TS7053: Element implicitly has an 'any' type because expression of type 'NotificationType' can't be used to index type '{ MissingDoc: string; PaymentReceived: string; FormApproved: string; OrientationScheduled: string; CardIssue: string; }'.
  Property 'ApplicationSubmitted' does not exist on type '{ MissingDoc: string; PaymentReceived: string; FormApproved: string; OrientationScheduled: string; CardIssue: string; }'.
src/screens/notification/NotificationScreen.tsx(270,19): error TS7053: Element implicitly has an 'any' type because expression of type 'NotificationType' can't be used to index type '{ MissingDoc: string; PaymentReceived: string; FormApproved: string; OrientationScheduled: string; CardIssue: string; }'.
  Property 'ApplicationSubmitted' does not exist on type '{ MissingDoc: string; PaymentReceived: string; FormApproved: string; OrientationScheduled: string; CardIssue: string; }'.
src/screens/profile/ProfileScreen.tsx(49,67): error TS2554: Expected 1 arguments, but got 2.
src/screens/shared/DocumentRequirementsScreen.tsx(14,58): error TS2307: Cannot find module '@/src/utils' or its corresponding type declarations.
src/screens/shared/DocumentRequirementsScreen.tsx(151,75): error TS7006: Parameter 'payment' implicitly has an 'any' type.
src/screens/shared/DocumentRequirementsScreen.tsx(151,84): error TS7006: Parameter 'index' implicitly has an 'any' type.
src/screens/shared/HealthCardsScreen.tsx(23,8): error TS2307: Cannot find module '@/src/utils' or its corresponding type declarations.
src/screens/shared/HealthCardsScreen.tsx(166,52): error TS2345: Argument of type 'Id<"healthCards"> | null | undefined' is not assignable to parameter of type 'SetStateAction<string | null>'.
  Type 'undefined' is not assignable to type 'SetStateAction<string | null>'.
src/screens/shared/PaymentScreen.tsx(9,20): error TS2307: Cannot find module '@/backend/convex/_generated/dataModel' or its corresponding type declarations.
src/screens/shared/QrScannerScreen.tsx(12,23): error TS7006: Parameter 'data' implicitly has an 'any' type.
src/screens/shared/UploadDocumentsScreen.tsx(8,20): error TS2307: Cannot find module '@/backend/convex/_generated/dataModel' or its corresponding type declarations.
src/screens/shared/UploadDocumentsScreen.tsx(203,47): error TS2339: Property 'filter' does not exist on type 'never[] | { application: { _id: Id<"applications">; _creationTime: number; updatedAt?: number | undefined; paymentDeadline?: number | undefined; approvedAt?: number | undefined; ... 7 more ...; applicationStatus: string; }; ... 4 more ...; totalUploaded: number; }'.
  Property 'filter' does not exist on type '{ application: { _id: Id<"applications">; _creationTime: number; updatedAt?: number | undefined; paymentDeadline?: number | undefined; approvedAt?: number | undefined; adminRemarks?: string | undefined; ... 6 more ...; applicationStatus: string; }; ... 4 more ...; totalUploaded: number; }'.
src/screens/shared/UploadDocumentsScreen.tsx(203,54): error TS7006: Parameter 'doc' implicitly has an 'any' type.
src/screens/shared/UploadDocumentsScreen.tsx(204,54): error TS7006: Parameter 'doc' implicitly has an 'any' type.
src/screens/shared/UploadDocumentsScreen.tsx(211,48): error TS2339: Property 'filter' does not exist on type 'never[] | { application: { _id: Id<"applications">; _creationTime: number; updatedAt?: number | undefined; paymentDeadline?: number | undefined; approvedAt?: number | undefined; ... 7 more ...; applicationStatus: string; }; ... 4 more ...; totalUploaded: number; }'.
  Property 'filter' does not exist on type '{ application: { _id: Id<"applications">; _creationTime: number; updatedAt?: number | undefined; paymentDeadline?: number | undefined; approvedAt?: number | undefined; adminRemarks?: string | undefined; ... 6 more ...; applicationStatus: string; }; ... 4 more ...; totalUploaded: number; }'.
src/screens/shared/UploadDocumentsScreen.tsx(211,55): error TS7006: Parameter 'doc' implicitly has an 'any' type.
src/screens/shared/UploadDocumentsScreen.tsx(217,44): error TS2339: Property 'filter' does not exist on type 'never[] | { application: { _id: Id<"applications">; _creationTime: number; updatedAt?: number | undefined; paymentDeadline?: number | undefined; approvedAt?: number | undefined; ... 7 more ...; applicationStatus: string; }; ... 4 more ...; totalUploaded: number; }'.
  Property 'filter' does not exist on type '{ application: { _id: Id<"applications">; _creationTime: number; updatedAt?: number | undefined; paymentDeadline?: number | undefined; approvedAt?: number | undefined; adminRemarks?: string | undefined; ... 6 more ...; applicationStatus: string; }; ... 4 more ...; totalUploaded: number; }'.
src/screens/shared/UploadDocumentsScreen.tsx(217,51): error TS7006: Parameter 'doc' implicitly has an 'any' type.
src/screens/shared/UploadDocumentsScreen.tsx(307,33): error TS2339: Property 'map' does not exist on type 'never[] | { application: { _id: Id<"applications">; _creationTime: number; updatedAt?: number | undefined; paymentDeadline?: number | undefined; approvedAt?: number | undefined; ... 7 more ...; applicationStatus: string; }; ... 4 more ...; totalUploaded: number; }'.
  Property 'map' does not exist on type '{ application: { _id: Id<"applications">; _creationTime: number; updatedAt?: number | undefined; paymentDeadline?: number | undefined; approvedAt?: number | undefined; adminRemarks?: string | undefined; ... 6 more ...; applicationStatus: string; }; ... 4 more ...; totalUploaded: number; }'.
src/shared/components/buttons/Button.tsx(18,10): error TS2724: '"@/src/shared/components/types"' has no exported member named 'DesignSystemButtonProps'. Did you mean 'SignOutButtonProps'?
src/shared/components/buttons/Button.tsx(66,10): error TS7053: Element implicitly has an 'any' type because expression of type 'any' can't be used to index type '{ small: { height: number; paddingHorizontal: 16; }; medium: { height: number; paddingHorizontal: 24; }; large: { height: number; paddingHorizontal: 32; }; }'.
src/shared/components/buttons/Button.tsx(74,5): error TS7053: Element implicitly has an 'any' type because expression of type 'any' can't be used to index type '{ base: { borderRadius: 0 | 4 | 8 | 24 | 12 | 16 | 9999; justifyContent: "center"; alignItems: "center"; flexDirection: "row"; minHeight: number; minWidth: number; paddingHorizontal: 4 | 8 | ... 4 more ... | 64; paddingVertical: 4 | ... 5 more ... | 64; }; ... 7 more ...; disabled: { ...; }; }'.
src/shared/components/buttons/Button.tsx(75,5): error TS7053: Element implicitly has an 'any' type because expression of type 'any' can't be used to index type '{ small: { height: number; paddingHorizontal: 4 | 8 | 24 | 16 | 32 | 48 | 64; paddingVertical: 4 | 8 | 24 | 16 | 32 | 48 | 64; }; medium: { height: number; paddingHorizontal: 4 | 8 | 24 | 16 | 32 | 48 | 64; paddingVertical: 4 | ... 5 more ... | 64; }; large: { ...; }; }'.
src/shared/components/buttons/Button.tsx(81,5): error TS7053: Element implicitly has an 'any' type because expression of type 'any' can't be used to index type '{ primary: { color: any; fontSize: 32; fontWeight: "700"; lineHeight: 40; } | { color: any; fontSize: 24; fontWeight: "600"; lineHeight: 32; } | { color: any; fontSize: 20; fontWeight: "600"; lineHeight: 28; } | ... 4 more ... | { ...; }; ... 6 more ...; disabled: { ...; } | ... 6 more ... | { ...; }; }'.
src/shared/components/buttons/Button.tsx(89,9): error TS7053: Element implicitly has an 'any' type because expression of type 'any' can't be used to index type '{ primary: { color: any; fontSize: 32; fontWeight: "700"; lineHeight: 40; } | { color: any; fontSize: 24; fontWeight: "600"; lineHeight: 32; } | { color: any; fontSize: 20; fontWeight: "600"; lineHeight: 28; } | ... 4 more ... | { ...; }; ... 6 more ...; disabled: { ...; } | ... 6 more ... | { ...; }; }'.
src/shared/components/buttons/Button.tsx(112,45): error TS7053: Element implicitly has an 'any' type because expression of type 'any' can't be used to index type '{ primary: { color: any; fontSize: 32; fontWeight: "700"; lineHeight: 40; } | { color: any; fontSize: 24; fontWeight: "600"; lineHeight: 32; } | { color: any; fontSize: 20; fontWeight: "600"; lineHeight: 28; } | ... 4 more ... | { ...; }; ... 6 more ...; disabled: { ...; } | ... 6 more ... | { ...; }; }'.
src/shared/components/buttons/CTAButton.tsx(23,22): error TS2307: Cannot find module './Text' or its corresponding type declarations.
src/shared/components/buttons/CTAButton.tsx(24,56): error TS2307: Cannot find module '@/src/styles' or its corresponding type declarations.
src/shared/components/cards/Card.tsx(10,10): error TS2305: Module '"@/src/shared/components/types"' has no exported member 'DesignSystemCardProps'.
src/shared/components/cards/Card.tsx(43,5): error TS7053: Element implicitly has an 'any' type because expression of type 'any' can't be used to index type '{ base: { backgroundColor: any; borderRadius: 0 | 4 | 8 | 24 | 12 | 16 | 9999; padding: 4 | 8 | 24 | 16 | 32 | 48 | 64; }; default: { shadowColor: "#000"; shadowOffset: { readonly width: 0; readonly height: 1; }; shadowOpacity: 0.05; shadowRadius: 2; elevation: 2; } | { ...; } | { ...; }; ... 6 more ...; info: { ......'.
src/shared/components/cards/Card.tsx(45,11): error TS7053: Element implicitly has an 'any' type because expression of type 'any' can't be used to index type '{ none: undefined; small: 4 | 8 | 24 | 16 | 32 | 48 | 64; medium: 4 | 8 | 24 | 16 | 32 | 48 | 64; large: 4 | 8 | 24 | 16 | 32 | 48 | 64; }'.
src/shared/components/cards/Card.tsx(45,45): error TS7053: Element implicitly has an 'any' type because expression of type 'any' can't be used to index type '{ none: undefined; small: 4 | 8 | 24 | 16 | 32 | 48 | 64; medium: 4 | 8 | 24 | 16 | 32 | 48 | 64; large: 4 | 8 | 24 | 16 | 32 | 48 | 64; }'.
src/shared/components/cards/Card.tsx(46,11): error TS7053: Element implicitly has an 'any' type because expression of type 'any' can't be used to index type '{ none: undefined; small: 4 | 8 | 24 | 16 | 32 | 48 | 64; medium: 4 | 8 | 24 | 16 | 32 | 48 | 64; large: 4 | 8 | 24 | 16 | 32 | 48 | 64; }'.
src/shared/components/cards/Card.tsx(46,48): error TS7053: Element implicitly has an 'any' type because expression of type 'any' can't be used to index type '{ none: undefined; small: 4 | 8 | 24 | 16 | 32 | 48 | 64; medium: 4 | 8 | 24 | 16 | 32 | 48 | 64; large: 4 | 8 | 24 | 16 | 32 | 48 | 64; }'.
src/shared/components/core/BaseScreen.tsx(68,7): error TS2322: Type 'ReactElement<typeof RefreshControl, string | JSXElementConstructor<any>> | undefined' is not assignable to type 'ReactElement<RefreshControlProps, string | JSXElementConstructor<any>> | undefined'.
  Type 'ReactElement<typeof RefreshControl, string | JSXElementConstructor<any>>' is not assignable to type 'ReactElement<RefreshControlProps, string | JSXElementConstructor<any>>'.
    Property 'refreshing' is missing in type 'typeof RefreshControl' but required in type 'RefreshControlProps'.
src/shared/components/display/Badge.tsx(11,10): error TS2305: Module '"@/src/shared/components/types"' has no exported member 'BadgeStyleProps'.
src/shared/components/display/Badge.tsx(11,27): error TS2305: Module '"@/src/shared/components/types"' has no exported member 'BaseComponentProps'.
src/shared/components/display/Badge.tsx(22,3): error TS2339: Property 'variant' does not exist on type 'BadgeProps'.
src/shared/components/display/Badge.tsx(23,3): error TS2339: Property 'size' does not exist on type 'BadgeProps'.
src/shared/components/display/Badge.tsx(27,3): error TS2339: Property 'testID' does not exist on type 'BadgeProps'.
src/shared/components/display/Badge.tsx(50,5): error TS7053: Element implicitly has an 'any' type because expression of type 'any' can't be used to index type '{ base: { paddingHorizontal: 4 | 8 | 24 | 16 | 32 | 48 | 64; paddingVertical: 4 | 8 | 24 | 16 | 32 | 48 | 64; borderRadius: 0 | 4 | 8 | 24 | 12 | 16 | 9999; justifyContent: "center"; alignItems: "center"; flexDirection: "row"; }; ... 8 more ...; infoOutline: { ...; }; }'.
src/shared/components/display/Badge.tsx(52,26): error TS7053: Element implicitly has an 'any' type because expression of type 'any' can't be used to index type '{ small: { paddingHorizontal: 4 | 8 | 24 | 16 | 32 | 48 | 64; paddingVertical: number; iconSize: number; }; medium: { paddingHorizontal: 4 | 8 | 24 | 16 | 32 | 48 | 64; paddingVertical: 4 | 8 | ... 4 more ... | 64; iconSize: number; }; large: { ...; }; }'.
src/shared/components/display/Badge.tsx(53,24): error TS7053: Element implicitly has an 'any' type because expression of type 'any' can't be used to index type '{ small: { paddingHorizontal: 4 | 8 | 24 | 16 | 32 | 48 | 64; paddingVertical: number; iconSize: number; }; medium: { paddingHorizontal: 4 | 8 | 24 | 16 | 32 | 48 | 64; paddingVertical: 4 | 8 | ... 4 more ... | 64; iconSize: number; }; large: { ...; }; }'.
src/shared/components/display/Badge.tsx(58,5): error TS7053: Element implicitly has an 'any' type because expression of type 'any' can't be used to index type '{ success: { color: any; fontWeight: "600"; fontSize: 32; lineHeight: 40; } | { color: any; fontWeight: "600"; fontSize: 24; lineHeight: 32; } | { color: any; fontWeight: "600"; fontSize: 20; lineHeight: 28; } | ... 4 more ... | { ...; }; ... 7 more ...; infoOutline: { ...; } | ... 6 more ... | { ...; }; }'.
src/shared/components/display/Badge.tsx(67,15): error TS7053: Element implicitly has an 'any' type because expression of type 'any' can't be used to index type '{ small: { paddingHorizontal: 4 | 8 | 24 | 16 | 32 | 48 | 64; paddingVertical: number; iconSize: number; }; medium: { paddingHorizontal: 4 | 8 | 24 | 16 | 32 | 48 | 64; paddingVertical: 4 | 8 | ... 4 more ... | 64; iconSize: number; }; large: { ...; }; }'.
src/shared/components/display/Badge.tsx(68,16): error TS7053: Element implicitly has an 'any' type because expression of type 'any' can't be used to index type '{ success: { color: any; fontWeight: "600"; fontSize: 32; lineHeight: 40; } | { color: any; fontWeight: "600"; fontSize: 24; lineHeight: 32; } | { color: any; fontWeight: "600"; fontSize: 20; lineHeight: 28; } | ... 4 more ... | { ...; }; ... 7 more ...; infoOutline: { ...; } | ... 6 more ... | { ...; }; }'.
src/shared/components/feedback/ErrorState.tsx(13,30): error TS2307: Cannot find module '@shared/components/ui/Button' or its corresponding type declarations.
src/shared/components/feedback/feedback/FeedbackSystem.tsx(5,81): error TS2307: Cannot find module '@shared/components/styles/theme' or its corresponding type declarations.
src/shared/components/feedback/feedback/Toast.tsx(39,13): error TS7030: Not all code paths return a value.
src/shared/components/inputs/Input.tsx(10,10): error TS2724: '"@/src/shared/components/types"' has no exported member named 'InputStyleProps'. Did you mean 'InputProps'?
src/shared/components/inputs/Input.tsx(10,27): error TS2305: Module '"@/src/shared/components/types"' has no exported member 'BaseComponentProps'.
src/shared/components/inputs/Input.tsx(12,11): error TS2430: Interface 'InputProps' incorrectly extends interface 'TextInputProps'.
  Types of property 'style' are incompatible.
    Type 'ViewStyle | ViewStyle[] | undefined' is not assignable to type 'StyleProp<TextStyle>'.
      Type 'ViewStyle' is not assignable to type 'StyleProp<TextStyle>'.
        Type 'ViewStyle' is not assignable to type 'TextStyle'.
          Types of property 'userSelect' are incompatible.
            Type 'string | undefined' is not assignable to type '"text" | "none" | "all" | "auto" | "contain" | undefined'.
              Type 'string' is not assignable to type '"text" | "none" | "all" | "auto" | "contain" | undefined'.
src/shared/components/inputs/Input.tsx(18,3): error TS2339: Property 'variant' does not exist on type 'InputProps'.
src/shared/components/inputs/Input.tsx(19,3): error TS2339: Property 'state' does not exist on type 'InputProps'.
src/shared/components/inputs/Input.tsx(20,3): error TS2339: Property 'hasError' does not exist on type 'InputProps'.
src/shared/components/inputs/Input.tsx(59,5): error TS7053: Element implicitly has an 'any' type because expression of type 'any' can't be used to index type '{ base: { color: any; backgroundColor: any; borderWidth: number; borderColor: any; minHeight: number; fontSize: 32; fontWeight: "700"; lineHeight: 40; borderRadius: 0 | 4 | 8 | 24 | 12 | 16 | 9999; paddingHorizontal: 4 | ... 5 more ... | 64; paddingVertical: 4 | ... 5 more ... | 64; } | ... 6 more ... | { ...; }; fo...'.
src/shared/components/inputs/Input.tsx(60,37): error TS7053: Element implicitly has an 'any' type because expression of type 'any' can't be used to index type '{ base: { color: any; backgroundColor: any; borderWidth: number; borderColor: any; minHeight: number; fontSize: 32; fontWeight: "700"; lineHeight: 40; borderRadius: 0 | 4 | 8 | 24 | 12 | 16 | 9999; paddingHorizontal: 4 | ... 5 more ... | 64; paddingVertical: 4 | ... 5 more ... | 64; } | ... 6 more ... | { ...; }; fo...'.
src/shared/components/inputs/Input.tsx(70,15): error TS2322: Type 'ViewStyle[]' is not assignable to type 'TextStyle | Falsy | RegisteredStyle<TextStyle> | RecursiveArray<TextStyle | Falsy | RegisteredStyle<TextStyle>> | readonly (TextStyle | ... 1 more ... | RegisteredStyle<...>)[]'.
  Type 'ViewStyle[]' is not assignable to type 'RecursiveArray<TextStyle | Falsy | RegisteredStyle<TextStyle>>'.
    The types returned by 'pop()' are incompatible between these types.
      Type 'ViewStyle | undefined' is not assignable to type 'TextStyle | Falsy | RegisteredStyle<TextStyle> | RecursiveArray<TextStyle | Falsy | RegisteredStyle<TextStyle>> | readonly (TextStyle | ... 1 more ... | RegisteredStyle<...>)[]'.
        Type 'ViewStyle' is not assignable to type 'TextStyle | Falsy | RegisteredStyle<TextStyle> | RecursiveArray<TextStyle | Falsy | RegisteredStyle<TextStyle>> | readonly (TextStyle | ... 1 more ... | RegisteredStyle<...>)[]'.
          Type 'ViewStyle' is not assignable to type 'TextStyle'.
            Types of property 'userSelect' are incompatible.
              Type 'string | undefined' is not assignable to type '"text" | "none" | "all" | "auto" | "contain" | undefined'.
                Type 'string' is not assignable to type '"text" | "none" | "all" | "auto" | "contain" | undefined'.
src/shared/components/inputs/Input.tsx(70,27): error TS2322: Type 'ViewStyle | ViewStyle[] | undefined' is not assignable to type 'TextStyle | Falsy | RegisteredStyle<TextStyle> | RecursiveArray<TextStyle | Falsy | RegisteredStyle<TextStyle>> | readonly (TextStyle | ... 1 more ... | RegisteredStyle<...>)[]'.
  Type 'ViewStyle' is not assignable to type 'TextStyle | Falsy | RegisteredStyle<TextStyle> | RecursiveArray<TextStyle | Falsy | RegisteredStyle<TextStyle>> | readonly (TextStyle | ... 1 more ... | RegisteredStyle<...>)[]'.
    Type 'ViewStyle' is not assignable to type 'TextStyle'.
      Types of property 'userSelect' are incompatible.
        Type 'string | undefined' is not assignable to type '"text" | "none" | "all" | "auto" | "contain" | undefined'.
          Type 'string' is not assignable to type '"text" | "none" | "all" | "auto" | "contain" | undefined'.
src/shared/components/layout/BaseScreenLayout.tsx(3,23): error TS2307: Cannot find module '../styles/theme' or its corresponding type declarations.
src/shared/components/layout/ResponsiveLayout/ResponsiveLayout.tsx(90,11): error TS2322: Type '(false | "" | ViewStyle | RegisteredStyle<ViewStyle> | RecursiveArray<ViewStyle | Falsy | RegisteredStyle<ViewStyle>> | { ...; } | { ...; } | null | undefined)[]' is not assignable to type 'StyleProp<ViewStyle>'.
  Type '(false | "" | ViewStyle | RegisteredStyle<ViewStyle> | RecursiveArray<ViewStyle | Falsy | RegisteredStyle<ViewStyle>> | { ...; } | { ...; } | null | undefined)[]' is not assignable to type 'RecursiveArray<ViewStyle | Falsy | RegisteredStyle<ViewStyle>>'.
    The types returned by 'pop()' are incompatible between these types.
      Type 'false | "" | ViewStyle | RegisteredStyle<ViewStyle> | RecursiveArray<ViewStyle | Falsy | RegisteredStyle<ViewStyle>> | { ...; } | { ...; } | null | undefined' is not assignable to type 'ViewStyle | Falsy | RegisteredStyle<ViewStyle> | RecursiveArray<ViewStyle | Falsy | RegisteredStyle<ViewStyle>> | readonly (ViewStyle | ... 1 more ... | RegisteredStyle<...>)[]'.
        Type '{ maxWidth: number; paddingHorizontal: number; paddingVertical: 8 | 24 | 16 | 32; alignSelf: string; }' is not assignable to type 'ViewStyle | Falsy | RegisteredStyle<ViewStyle> | RecursiveArray<ViewStyle | Falsy | RegisteredStyle<ViewStyle>> | readonly (ViewStyle | ... 1 more ... | RegisteredStyle<...>)[]'.
          Type '{ maxWidth: number; paddingHorizontal: number; paddingVertical: 8 | 24 | 16 | 32; alignSelf: string; }' is not assignable to type 'ViewStyle'.
            Types of property 'alignSelf' are incompatible.
              Type 'string' is not assignable to type '"auto" | FlexAlignType | undefined'.
src/shared/components/layout/ResponsiveLayout/ResponsiveLayout.tsx(177,13): error TS2322: Type '{ flexBasis: string; marginRight: number; }' is not assignable to type 'ViewStyle | Falsy | RegisteredStyle<ViewStyle> | RecursiveArray<ViewStyle | Falsy | RegisteredStyle<ViewStyle>> | readonly (ViewStyle | ... 1 more ... | RegisteredStyle<...>)[]'.
  Types of property 'flexBasis' are incompatible.
    Type 'string' is not assignable to type 'DimensionValue | undefined'.
src/shared/components/OfflineBanner/OfflineBanner.styles.ts(3,38): error TS2307: Cannot find module '@/shared/utils/responsive' or its corresponding type declarations.
src/shared/components/types/buttons.ts(8,36): error TS2307: Cannot find module '../design-system' or its corresponding type declarations.
src/shared/components/types/dashboard.ts(8,36): error TS2307: Cannot find module '../design-system' or its corresponding type declarations.
src/shared/components/types/feedback.ts(8,36): error TS2307: Cannot find module '../design-system' or its corresponding type declarations.
src/shared/components/types/forms.ts(8,53): error TS2307: Cannot find module '../design-system' or its corresponding type declarations.
src/shared/components/types/forms.ts(11,18): error TS2430: Interface 'InputProps' incorrectly extends interface 'TextInputProps'.
  Types of property 'style' are incompatible.
    Type 'ViewStyle | ViewStyle[] | undefined' is not assignable to type 'StyleProp<TextStyle>'.
      Type 'ViewStyle' is not assignable to type 'StyleProp<TextStyle>'.
        Type 'ViewStyle' is not assignable to type 'TextStyle'.
          Types of property 'userSelect' are incompatible.
            Type 'string | undefined' is not assignable to type '"text" | "none" | "all" | "auto" | "contain" | undefined'.
              Type 'string' is not assignable to type '"text" | "none" | "all" | "auto" | "contain" | undefined'.
src/shared/components/types/index.ts(60,8): error TS2307: Cannot find module '../design-system' or its corresponding type declarations.
src/shared/components/typography/Text.tsx(10,10): error TS2305: Module '"@/src/shared/components/types"' has no exported member 'DesignSystemTextProps'.
src/shared/components/typography/Text.tsx(10,33): error TS2305: Module '"@/src/shared/components/types"' has no exported member 'FontWeight'.
src/shared/formatting/data-formatters.ts(13,5): error TS2322: Type 'string | undefined' is not assignable to type 'string'.
  Type 'undefined' is not assignable to type 'string'.
src/shared/formatting/data-formatters.ts(167,9): error TS18048: 'username' is possibly 'undefined'.
src/shared/formatting/data-formatters.ts(169,28): error TS18048: 'username' is possibly 'undefined'.
src/shared/formatting/data-formatters.ts(169,60): error TS18048: 'username' is possibly 'undefined'.
src/shared/formatting/data-formatters.ts(169,83): error TS18048: 'username' is possibly 'undefined'.
src/shared/formatting/data-formatters.ts(169,99): error TS18048: 'username' is possibly 'undefined'.
src/shared/hooks/useApplications.ts(5,38): error TS2344: Type 'T' does not satisfy the constraint 'TableNames | SystemTableNames'.
  Type 'string' is not assignable to type 'TableNames | SystemTableNames'.
src/shared/hooks/useDocumentUpload.ts(185,30): error TS2339: Property 'status' does not exist on type '{ requirementId: Id<"documentTypes">; fieldIdentifier: string; storageId: Id<"_storage">; fileName: string; fileType: string; fileSize: number; reviewStatus: "Approved" | "Rejected" | "Pending"; reviewedBy: Id<...> | undefined; reviewedAt: number | undefined; adminRemarks: string | undefined; }'.
src/shared/hooks/useDocumentUpload.ts(186,32): error TS2551: Property 'reviewBy' does not exist on type '{ requirementId: Id<"documentTypes">; fieldIdentifier: string; storageId: Id<"_storage">; fileName: string; fileType: string; fileSize: number; reviewStatus: "Approved" | "Rejected" | "Pending"; reviewedBy: Id<...> | undefined; reviewedAt: number | undefined; adminRemarks: string | undefined; }'. Did you mean 'reviewedBy'?
src/shared/hooks/useDocumentUpload.ts(187,32): error TS2551: Property 'reviewAt' does not exist on type '{ requirementId: Id<"documentTypes">; fieldIdentifier: string; storageId: Id<"_storage">; fileName: string; fileType: string; fileSize: number; reviewStatus: "Approved" | "Rejected" | "Pending"; reviewedBy: Id<...> | undefined; reviewedAt: number | undefined; adminRemarks: string | undefined; }'. Did you mean 'reviewedAt'?
src/shared/hooks/useDocumentUpload.ts(188,31): error TS2339: Property 'remarks' does not exist on type '{ requirementId: Id<"documentTypes">; fieldIdentifier: string; storageId: Id<"_storage">; fileName: string; fileType: string; fileSize: number; reviewStatus: "Approved" | "Rejected" | "Pending"; reviewedBy: Id<...> | undefined; reviewedAt: number | undefined; adminRemarks: string | undefined; }'.
src/shared/hooks/useDocumentUpload.ts(280,7): error TS2741: Property 'fieldIdentifier' is missing in type '{ requirementId: Id<"documentTypes">; fieldName: string; storageId: Id<"_storage">; fileName: string; fileType: string; fileSize: number; reviewStatus: "Approved" | "Rejected" | "Pending"; reviewedBy: Id<...> | undefined; reviewedAt: number | undefined; remarks: string | undefined; }' but required in type 'DocumentUploadResult'.
src/shared/hooks/useDocumentUpload.ts(494,30): error TS2339: Property 'status' does not exist on type '{ requirementId: Id<"documentTypes">; fieldIdentifier: string; storageId: Id<"_storage">; fileName: string; fileType: string; fileSize: number; reviewStatus: "Approved" | "Rejected" | "Pending"; reviewedBy: Id<...> | undefined; reviewedAt: number | undefined; adminRemarks: string | undefined; }'.
src/shared/hooks/useDocumentUpload.ts(495,32): error TS2551: Property 'reviewBy' does not exist on type '{ requirementId: Id<"documentTypes">; fieldIdentifier: string; storageId: Id<"_storage">; fileName: string; fileType: string; fileSize: number; reviewStatus: "Approved" | "Rejected" | "Pending"; reviewedBy: Id<...> | undefined; reviewedAt: number | undefined; adminRemarks: string | undefined; }'. Did you mean 'reviewedBy'?
src/shared/hooks/useDocumentUpload.ts(496,32): error TS2551: Property 'reviewAt' does not exist on type '{ requirementId: Id<"documentTypes">; fieldIdentifier: string; storageId: Id<"_storage">; fileName: string; fileType: string; fileSize: number; reviewStatus: "Approved" | "Rejected" | "Pending"; reviewedBy: Id<...> | undefined; reviewedAt: number | undefined; adminRemarks: string | undefined; }'. Did you mean 'reviewedAt'?
src/shared/hooks/useDocumentUpload.ts(497,31): error TS2339: Property 'remarks' does not exist on type '{ requirementId: Id<"documentTypes">; fieldIdentifier: string; storageId: Id<"_storage">; fileName: string; fileType: string; fileSize: number; reviewStatus: "Approved" | "Rejected" | "Pending"; reviewedBy: Id<...> | undefined; reviewedAt: number | undefined; adminRemarks: string | undefined; }'.
src/shared/hooks/useDocumentUpload.ts(561,24): error TS18048: 'doc' is possibly 'undefined'.
src/shared/hooks/useDocumentUpload.ts(703,48): error TS18048: 'item' is possibly 'undefined'.
src/shared/hooks/useDocumentUpload.ts(703,79): error TS18048: 'item' is possibly 'undefined'.
src/shared/hooks/useDocumentUpload.ts(706,24): error TS18048: 'item' is possibly 'undefined'.
src/shared/hooks/useDocumentUpload.ts(716,24): error TS18048: 'item' is possibly 'undefined'.
src/shared/hooks/useHealthCards.ts(4,44): error TS2307: Cannot find module '../types/domain/health-card' or its corresponding type declarations.
src/shared/hooks/useHealthCards.ts(6,38): error TS2344: Type 'T' does not satisfy the constraint 'TableNames | SystemTableNames'.
  Type 'string' is not assignable to type 'TableNames | SystemTableNames'.
src/shared/hooks/useHealthCards.ts(30,36): error TS2345: Argument of type '{ formId: ConvexId<"applications">; cardUrl: string; issuedAt: number; expiresAt: number; verificationToken: string; }' is not assignable to parameter of type '{ applicationId: Id<"applications">; cardUrl: string; issuedAt: number; expiresAt: number; verificationToken: string; }'.
  Property 'applicationId' is missing in type '{ formId: ConvexId<"applications">; cardUrl: string; issuedAt: number; expiresAt: number; verificationToken: string; }' but required in type '{ applicationId: Id<"applications">; cardUrl: string; issuedAt: number; expiresAt: number; verificationToken: string; }'.
src/shared/hooks/useHealthCards.ts(41,14): error TS2304: Cannot find name 'healthCardsService'.
src/shared/hooks/useNetworkStatus.ts(8,39): error TS2307: Cannot find module '@react-native-community/netinfo' or its corresponding type declarations.
src/shared/hooks/useNotifications.ts(5,38): error TS2344: Type 'T' does not satisfy the constraint 'TableNames | SystemTableNames'.
  Type 'string' is not assignable to type 'TableNames | SystemTableNames'.
src/shared/hooks/useNotifications.ts(22,39): error TS2345: Argument of type '{ title: string; message: string; type: "MissingDoc" | "PaymentReceived" | "FormApproved" | "OrientationScheduled" | "CardIssue"; userId: ConvexId<"users">; formsId?: ConvexId<...> | undefined; }' is not assignable to parameter of type '{ applicationId?: Id<"applications"> | undefined; title: string; userId: Id<"users">; message: string; notificationType: "MissingDoc" | "PaymentReceived" | "OrientationScheduled" | "CardIssue" | "status_update" | "ApplicationApproved"; }'.
  Property 'notificationType' is missing in type '{ title: string; message: string; type: "MissingDoc" | "PaymentReceived" | "FormApproved" | "OrientationScheduled" | "CardIssue"; userId: ConvexId<"users">; formsId?: ConvexId<...> | undefined; }' but required in type '{ applicationId?: Id<"applications"> | undefined; title: string; userId: Id<"users">; message: string; notificationType: "MissingDoc" | "PaymentReceived" | "OrientationScheduled" | "CardIssue" | "status_update" | "ApplicationApproved"; }'.
src/shared/hooks/useOptimizedDashboard.ts(115,9): error TS2322: Type '"notification"' is not assignable to type 'ActivityType'.
src/shared/hooks/useOptimizedDashboard.ts(118,9): error TS2322: Type 'string' is not assignable to type 'Date'.
src/shared/hooks/useOptimizedDashboard.ts(119,30): error TS2339: Property 'read' does not exist on type '{ _id: Id<"notifications">; _creationTime: number; title: string | undefined; message: string; notificationType: string; isRead: boolean; actionUrl: string | undefined; }'.
src/shared/hooks/useOptimizedDashboard.ts(127,9): error TS2322: Type '"application"' is not assignable to type 'ActivityType'.
src/shared/hooks/useOptimizedDashboard.ts(130,9): error TS2322: Type 'string' is not assignable to type 'Date'.
src/shared/hooks/useOptimizedDashboard.ts(139,11): error TS2322: Type '"payment"' is not assignable to type 'ActivityType'.
src/shared/hooks/useOptimizedDashboard.ts(141,80): error TS2339: Property 'method' does not exist on type '{ _id: Id<"payments">; _creationTime: number; amount: number; netAmount: number; paymentMethod: "Gcash" | "Maya" | "BaranggayHall" | "CityHall"; status: "Pending" | "Expired" | "Failed" | "Complete" | "Refunded" | "Cancelled" | "Processing"; updatedAt: number | undefined; applicationId: Id<...>; applicationType: "Ne...'.
src/shared/hooks/useOptimizedDashboard.ts(142,11): error TS2322: Type 'string' is not assignable to type 'Date'.
src/shared/hooks/usePayments.ts(5,38): error TS2344: Type 'T' does not satisfy the constraint 'TableNames | SystemTableNames'.
  Type 'string' is not assignable to type 'TableNames | SystemTableNames'.
src/shared/hooks/useRequirements.ts(5,38): error TS2344: Type 'T' does not satisfy the constraint 'TableNames | SystemTableNames'.
  Type 'string' is not assignable to type 'TableNames | SystemTableNames'.
src/shared/hooks/useRequirements.ts(50,40): error TS2345: Argument of type '{ applicationId: ConvexId<"applications">; fieldIdentifier: string; storageId: ConvexId<"_storage">; fileName: string; fileType: string; fileSize: number; adminRemarks?: string | undefined; reviewStatus?: "Approved" | ... 2 more ... | undefined; reviewedBy?: ConvexId<...> | undefined; reviewedAt?: number | undefined...' is not assignable to parameter of type '{ reviewStatus?: "Approved" | "Rejected" | "Pending" | undefined; reviewedBy?: Id<"users"> | undefined; reviewedAt?: number | undefined; remarks?: string | undefined; applicationId: Id<...>; ... 4 more ...; storageId: Id<...>; }'.
  Property 'fieldName' is missing in type '{ applicationId: ConvexId<"applications">; fieldIdentifier: string; storageId: ConvexId<"_storage">; fileName: string; fileType: string; fileSize: number; adminRemarks?: string | undefined; reviewStatus?: "Approved" | ... 2 more ... | undefined; reviewedBy?: ConvexId<...> | undefined; reviewedAt?: number | undefined...' but required in type '{ reviewStatus?: "Approved" | "Rejected" | "Pending" | undefined; reviewedBy?: Id<"users"> | undefined; reviewedAt?: number | undefined; remarks?: string | undefined; applicationId: Id<...>; ... 4 more ...; storageId: Id<...>; }'.
src/shared/hooks/useRoleBasedNavigation.ts(2,26): error TS2307: Cannot find module '../types/domain/user' or its corresponding type declarations.
src/shared/hooks/useUsers.ts(5,38): error TS2344: Type 'T' does not satisfy the constraint 'TableNames | SystemTableNames'.
  Type 'string' is not assignable to type 'TableNames | SystemTableNames'.
src/shared/hooks/useVerification.ts(5,38): error TS2344: Type 'T' does not satisfy the constraint 'TableNames | SystemTableNames'.
  Type 'string' is not assignable to type 'TableNames | SystemTableNames'.
src/shared/hooks/useVerification.ts(13,103): error TS2345: Argument of type '{}' is not assignable to parameter of type '{ healthCardId: Id<"healthCards">; } | "skip"'.
src/shared/hooks/useVerification.ts(32,30): error TS2345: Argument of type '{ healthCardId: ConvexId<"healthCards">; location?: string | undefined; scanResult: string; }' is not assignable to parameter of type '{ userAgent?: string | undefined; ipAddress?: string | undefined; scanLocation?: { address?: string | undefined; latitude: number; longitude: number; } | undefined; deviceInfo?: { platform: string; deviceId: string; appVersion: string; } | undefined; verificationToken: string; }'.
  Property 'verificationToken' is missing in type '{ healthCardId: ConvexId<"healthCards">; location?: string | undefined; scanResult: string; }' but required in type '{ userAgent?: string | undefined; ipAddress?: string | undefined; scanLocation?: { address?: string | undefined; latitude: number; longitude: number; } | undefined; deviceInfo?: { platform: string; deviceId: string; appVersion: string; } | undefined; verificationToken: string; }'.
src/shared/hooks/useVerification.ts(40,43): error TS2345: Argument of type '{ healthCardId: ConvexId<"healthCards">; success: boolean; errorMessage?: string | undefined; }' is not assignable to parameter of type '{ userAgent?: string | undefined; ipAddress?: string | undefined; errorMessage?: string | undefined; success: boolean; verificationToken: string; }'.
  Property 'verificationToken' is missing in type '{ healthCardId: ConvexId<"healthCards">; success: boolean; errorMessage?: string | undefined; }' but required in type '{ userAgent?: string | undefined; ipAddress?: string | undefined; errorMessage?: string | undefined; success: boolean; verificationToken: string; }'.
src/shared/lib/formatting/data-formatters.ts(13,5): error TS2322: Type 'string | undefined' is not assignable to type 'string'.
  Type 'undefined' is not assignable to type 'string'.
src/shared/lib/formatting/data-formatters.ts(167,9): error TS18048: 'username' is possibly 'undefined'.
src/shared/lib/formatting/data-formatters.ts(169,28): error TS18048: 'username' is possibly 'undefined'.
src/shared/lib/formatting/data-formatters.ts(169,60): error TS18048: 'username' is possibly 'undefined'.
src/shared/lib/formatting/data-formatters.ts(169,83): error TS18048: 'username' is possibly 'undefined'.
src/shared/lib/formatting/data-formatters.ts(169,99): error TS18048: 'username' is possibly 'undefined'.
src/shared/lib/formStorage.ts(2,37): error TS2307: Cannot find module '@shared/shared/validation/form-validation' or its corresponding type declarations.
src/shared/lib/index.ts(4,1): error TS2308: Module './storage' has already exported a member named 'createUserStorage'. Consider explicitly re-exporting to resolve the ambiguity.
src/shared/lib/index.ts(4,1): error TS2308: Module './storage' has already exported a member named 'storage'. Consider explicitly re-exporting to resolve the ambiguity.
src/shared/lib/network.ts(95,24): error TS2345: Argument of type '"You are offline. Please check your connection."' is not assignable to parameter of type 'AppErrorType'.
src/shared/lib/network.ts(99,54): error TS2345: Argument of type '"Request timed out"' is not assignable to parameter of type 'AppErrorType'.
src/shared/lib/payment/paymentFlow.ts(29,47): error TS2304: Cannot find name 'storageService'.
src/shared/lib/payment/paymentFlow.ts(39,19): error TS2769: No overload matches this call.
  The last overload gave the following error.
    Argument of type 'unknown' is not assignable to parameter of type 'URL | RequestInfo'.
src/shared/lib/payment/paymentFlow.ts(45,26): error TS2345: Argument of type '`Upload failed with status ${number}`' is not assignable to parameter of type 'AppErrorType'.
src/shared/lib/payment/paymentFlow.ts(54,24): error TS2345: Argument of type '"Failed to upload receipt"' is not assignable to parameter of type 'AppErrorType'.
src/shared/lib/payment/paymentFlow.ts(66,26): error TS2345: Argument of type '"Permission denied for media library access"' is not assignable to parameter of type 'AppErrorType'.
src/shared/lib/payment/paymentFlow.ts(93,24): error TS2345: Argument of type '"Failed to handle receipt upload"' is not assignable to parameter of type 'AppErrorType'.
src/shared/lib/payment/paymentFlow.ts(125,46): error TS2304: Cannot find name 'paymentsService'.
src/shared/lib/payment/paymentFlow.ts(128,29): error TS2339: Property '_id' does not exist on type '{}'.
src/shared/lib/payment/paymentFlow.ts(153,15): error TS2304: Cannot find name 'paymentsService'.
src/shared/lib/payment/paymentFlow.ts(168,18): error TS18046: 'paymentId' is of type 'unknown'.
src/shared/lib/payment/paymentFlow.ts(177,24): error TS2345: Argument of type '"Payment submission failed"' is not assignable to parameter of type 'AppErrorType'.
src/shared/lib/payment/paymentFlow.ts(192,46): error TS2304: Cannot find name 'paymentsService'.
src/shared/lib/payment/paymentFlow.ts(195,29): error TS2339: Property '_id' does not exist on type '{}'.
src/shared/lib/payment/paymentFlow.ts(207,15): error TS2304: Cannot find name 'paymentsService'.
src/shared/lib/payment/paymentFlow.ts(221,18): error TS18046: 'paymentId' is of type 'unknown'.
src/shared/lib/payment/paymentFlow.ts(230,24): error TS2345: Argument of type '"Payment submission failed"' is not assignable to parameter of type 'AppErrorType'.
src/shared/lib/validation/form-validation.ts(6,15): error TS2305: Module '"@shared/types"' has no exported member 'DocumentRequirement'.
src/shared/navigation/RoleBasedTabLayout.tsx(7,40): error TS2307: Cannot find module '../../hooks/useRoleBasedNavigation' or its corresponding type declarations.
src/shared/navigation/RoleBasedTabLayout.tsx(8,32): error TS2307: Cannot find module '../common/LoadingSpinner' or its corresponding type declarations.
src/shared/navigation/RoleBasedTabLayout.tsx(62,25): error TS7006: Parameter 'tab' implicitly has an 'any' type.
src/shared/services/storageService.ts(9,26): error TS2307: Cannot find module '@react-native-async-storage/async-storage' or its corresponding type declarations.
src/shared/styles/layouts/common-patterns.ts(60,35): error TS2345: Argument of type '"xs"' is not assignable to parameter of type '"none" | "sm" | "md" | "lg" | "xl" | "xxl" | "full"'.
src/shared/styles/screens/auth-reset-password.ts(11,27): error TS2345: Argument of type 'string' is not assignable to parameter of type 'number'.
src/shared/styles/screens/auth-reset-password.ts(12,23): error TS2345: Argument of type 'string' is not assignable to parameter of type 'number'.
src/shared/styles/screens/auth-reset-password.ts(13,20): error TS2345: Argument of type 'string' is not assignable to parameter of type 'number'.
src/shared/styles/screens/auth-reset-password.ts(42,27): error TS2345: Argument of type 'string' is not assignable to parameter of type 'number'.
src/shared/styles/screens/auth-reset-password.ts(50,22): error TS2345: Argument of type 'string' is not assignable to parameter of type 'number'.
src/shared/styles/screens/auth-reset-password.ts(54,15): error TS2345: Argument of type 'string' is not assignable to parameter of type 'number'.
src/shared/styles/screens/auth-reset-password.ts(152,16): error TS2345: Argument of type 'string' is not assignable to parameter of type 'number'.
src/shared/styles/screens/auth-sign-in.ts(15,27): error TS2345: Argument of type 'string' is not assignable to parameter of type 'number'.
src/shared/styles/screens/auth-sign-in.ts(16,23): error TS2345: Argument of type 'string' is not assignable to parameter of type 'number'.
src/shared/styles/screens/auth-sign-in.ts(22,24): error TS2345: Argument of type 'string' is not assignable to parameter of type 'number'.
src/shared/styles/screens/auth-sign-in.ts(23,22): error TS2345: Argument of type 'string' is not assignable to parameter of type 'number'.
src/shared/styles/screens/auth-sign-in.ts(56,15): error TS2345: Argument of type 'string' is not assignable to parameter of type 'number'.
src/shared/styles/screens/auth-sign-in.ts(112,16): error TS2345: Argument of type 'string' is not assignable to parameter of type 'number'.
src/shared/styles/screens/auth-sign-in.ts(115,22): error TS2345: Argument of type 'string' is not assignable to parameter of type 'number'.
src/shared/styles/screens/auth-sign-in.ts(133,15): error TS2345: Argument of type 'string' is not assignable to parameter of type 'number'.
src/shared/styles/screens/auth-sign-in.ts(134,16): error TS2345: Argument of type 'string' is not assignable to parameter of type 'number'.
src/shared/styles/screens/auth-sign-up.ts(11,27): error TS2345: Argument of type 'string' is not assignable to parameter of type 'number'.
src/shared/styles/screens/auth-sign-up.ts(12,23): error TS2345: Argument of type 'string' is not assignable to parameter of type 'number'.
src/shared/styles/screens/auth-sign-up.ts(13,20): error TS2345: Argument of type 'string' is not assignable to parameter of type 'number'.
src/shared/styles/screens/auth-sign-up.ts(19,24): error TS2345: Argument of type 'string' is not assignable to parameter of type 'number'.
src/shared/styles/screens/auth-sign-up.ts(52,15): error TS2345: Argument of type 'string' is not assignable to parameter of type 'number'.
src/shared/styles/screens/auth-sign-up.ts(122,16): error TS2345: Argument of type 'string' is not assignable to parameter of type 'number'.
src/shared/styles/screens/auth-sign-up.ts(125,22): error TS2345: Argument of type 'string' is not assignable to parameter of type 'number'.
src/shared/styles/screens/auth-sign-up.ts(143,15): error TS2345: Argument of type 'string' is not assignable to parameter of type 'number'.
src/shared/styles/screens/auth-sign-up.ts(144,16): error TS2345: Argument of type 'string' is not assignable to parameter of type 'number'.
src/shared/styles/screens/auth-verification.ts(11,27): error TS2345: Argument of type 'string' is not assignable to parameter of type 'number'.
src/shared/styles/screens/auth-verification.ts(12,23): error TS2345: Argument of type 'string' is not assignable to parameter of type 'number'.
src/shared/styles/screens/auth-verification.ts(25,22): error TS2345: Argument of type 'string' is not assignable to parameter of type 'number'.
src/shared/styles/screens/auth-verification.ts(46,27): error TS2345: Argument of type 'string' is not assignable to parameter of type 'number'.
src/shared/styles/screens/auth-verification.ts(53,22): error TS2345: Argument of type 'string' is not assignable to parameter of type 'number'.
src/shared/styles/screens/auth-verification.ts(58,15): error TS2345: Argument of type 'string' is not assignable to parameter of type 'number'.
src/shared/styles/screens/auth-verification.ts(69,15): error TS2345: Argument of type 'string' is not assignable to parameter of type 'number'.
src/shared/styles/screens/auth-verification.ts(70,16): error TS2345: Argument of type 'string' is not assignable to parameter of type 'number'.
src/shared/styles/screens/auth-verification.ts(93,19): error TS2345: Argument of type 'string' is not assignable to parameter of type 'number'.
src/shared/styles/screens/auth-verification.ts(107,16): error TS2345: Argument of type 'string' is not assignable to parameter of type 'number'.
src/shared/styles/screens/auth-verification.ts(110,22): error TS2345: Argument of type 'string' is not assignable to parameter of type 'number'.
src/shared/styles/screens/auth-verification.ts(160,15): error TS2345: Argument of type 'string' is not assignable to parameter of type 'number'.
src/shared/styles/screens/auth-verification.ts(184,27): error TS2345: Argument of type 'string' is not assignable to parameter of type 'number'.
src/shared/styles/screens/auth-verification.ts(189,17): error TS2345: Argument of type 'string' is not assignable to parameter of type 'number'.
src/shared/styles/screens/auth-verification.ts(199,15): error TS2345: Argument of type 'string' is not assignable to parameter of type 'number'.
src/shared/styles/screens/auth-verification.ts(202,22): error TS2345: Argument of type 'string' is not assignable to parameter of type 'number'.
src/shared/styles/screens/auth-verification.ts(215,22): error TS2345: Argument of type 'string' is not assignable to parameter of type 'number'.
src/shared/styles/screens/auth-verification.ts(230,19): error TS2345: Argument of type 'string' is not assignable to parameter of type 'number'.
src/shared/styles/screens/shared-qr-code.ts(26,28): error TS2345: Argument of type '"xxxxl"' is not assignable to parameter of type '"xs" | "sm" | "md" | "lg" | "xl" | "xxl" | "xxxl"'.
src/shared/styles/screens/shared-qr-scanner.ts(55,30): error TS2345: Argument of type '"xxxxl"' is not assignable to parameter of type '"xs" | "sm" | "md" | "lg" | "xl" | "xxl" | "xxxl"'.
src/shared/styles/screens/shared-upload-documents.ts(137,35): error TS2345: Argument of type '"xs"' is not assignable to parameter of type '"none" | "sm" | "md" | "lg" | "xl" | "xxl" | "full"'.
src/shared/styles/screens/shared-upload-documents.ts(143,35): error TS2345: Argument of type '"xs"' is not assignable to parameter of type '"none" | "sm" | "md" | "lg" | "xl" | "xxl" | "full"'.
src/shared/styles/screens/shared-upload-documents.ts(252,35): error TS2345: Argument of type '"xs"' is not assignable to parameter of type '"none" | "sm" | "md" | "lg" | "xl" | "xxl" | "full"'.
src/shared/styles/screens/tabs-apply-forms.ts(497,22): error TS2345: Argument of type '"bodyMedium"' is not assignable to parameter of type '"h1" | "h2" | "h3" | "h4" | "body" | "bodySmall" | "caption" | "button"'.
src/shared/styles/screens/tabs-apply-forms.ts(680,3): error TS1117: An object literal cannot have multiple properties with the same name.
src/shared/styles/screens/tabs-apply-forms.ts(686,3): error TS1117: An object literal cannot have multiple properties with the same name.
src/shared/styles/screens/tabs-apply-forms.ts(936,22): error TS2345: Argument of type '"headingSmall"' is not assignable to parameter of type '"h1" | "h2" | "h3" | "h4" | "body" | "bodySmall" | "caption" | "button"'.
src/shared/styles/screens/tabs-apply-forms.ts(1066,3): error TS1117: An object literal cannot have multiple properties with the same name.
src/shared/styles/screens/tabs-apply-forms.ts(1072,3): error TS1117: An object literal cannot have multiple properties with the same name.
src/shared/utils/__tests__/responsive.test.ts(7,3): error TS2305: Module '"../responsive"' has no exported member 'getOrientation'.
src/shared/utils/__tests__/responsive.test.ts(55,22): error TS2349: This expression is not callable.
  Type 'Boolean' has no call signatures.
src/shared/utils/__tests__/responsive.test.ts(63,22): error TS2349: This expression is not callable.
  Type 'Boolean' has no call signatures.
src/shared/utils/__tests__/storage.test.ts(2,60): error TS2307: Cannot find module '../storage' or its corresponding type declarations.
src/shared/utils/fileUtils.ts(9,15): error TS2345: Argument of type 'string | undefined' is not assignable to parameter of type 'string | PromiseLike<string>'.
  Type 'undefined' is not assignable to type 'string | PromiseLike<string>'.
src/shared/utils/index.ts(8,10): error TS2305: Module '"./user-utils"' has no exported member 'default'.
src/shared/utils/index.ts(12,58): error TS2307: Cannot find module './health-card-utils' or its corresponding type declarations.
src/shared/utils/index.ts(22,8): error TS2307: Cannot find module './health-card-display-utils' or its corresponding type declarations.
src/shared/utils/lazyLoad.tsx(26,8): error TS2322: Type 'T' is not assignable to type 'IntrinsicAttributes & (T | (PropsWithoutRef<T> & RefAttributes<Component<T, any, any>>))'.
  Type 'T' is not assignable to type 'IntrinsicAttributes & PropsWithoutRef<T> & RefAttributes<Component<T, any, any>>'.
    Type 'T' is not assignable to type 'IntrinsicAttributes'.
src/shared/utils/lazyLoad.tsx(30,63): error TS2339: Property 'displayName' does not exist on type 'LazyComponent<T>'.
src/shared/utils/lazyLoad.tsx(42,39): error TS2345: Argument of type '(() => Promise<{ default: ComponentType<any>; }>) | undefined' is not assignable to parameter of type '() => Promise<{ default: ComponentType<any>; }>'.
  Type 'undefined' is not assignable to type '() => Promise<{ default: ComponentType<any>; }>'.
src/shared/utils/user-utils.ts(18,10): error TS18048: 'username' is possibly 'undefined'.
src/shared/validation/form-validation.ts(6,15): error TS2305: Module '"../../types"' has no exported member 'DocumentRequirement'.
src/shared/validation/form-validation.ts(6,36): error TS2305: Module '"../../types"' has no exported member 'SelectedDocuments'.
../../backend/convex/admin/adminMain.ts(207,12): error TS7030: Not all code paths return a value.
../../backend/convex/admin/seed.ts(101,70): error TS2345: Argument of type 'Id<"jobCategories"> | undefined' is not assignable to parameter of type 'Id<"jobCategories">'.
  Type 'undefined' is not assignable to type 'Id<"jobCategories">'.
    Type 'undefined' is not assignable to type 'string'.
../../backend/convex/admin/seed.ts(107,13): error TS2322: Type 'Id<"jobCategories"> | undefined' is not assignable to type 'Id<"jobCategories">'.
  Type 'undefined' is not assignable to type 'Id<"jobCategories">'.
    Type 'undefined' is not assignable to type 'string'.
../../backend/convex/admin/seed.ts(108,13): error TS2322: Type 'Id<"documentTypes"> | undefined' is not assignable to type 'Id<"documentTypes">'.
  Type 'undefined' is not assignable to type 'Id<"documentTypes">'.
    Type 'undefined' is not assignable to type 'string'.
../../backend/convex/users/usersMain.ts(24,13): error TS2322: Type 'string | undefined' is not assignable to type 'string'.
  Type 'undefined' is not assignable to type 'string'.
../../backend/convex/users/usersMain.ts(52,7): error TS2322: Type 'string | undefined' is not assignable to type 'string'.
  Type 'undefined' is not assignable to type 'string'.
